Using pre-set license
Built from '2020.3/release' branch; Version is '2020.3.2f1 (8fd9074bf66c) revision 9427207'; Using compiler version '192528614'; Build Type 'Release'
OS: 'Windows 10 Home; OS build 19042.867; Version 2009; 64bit' Language: 'en' Physical Memory: 16174 MB
BatchMode: 1, IsHumanControllingUs: 0, StartBugReporterOnCrash: 0, Is64bit: 1, IsPro: 0

 COMMAND LINE ARGUMENTS:
C:\Program Files\Unity\Hub\Editor\2020.3.2f1\Editor\Unity.exe
-adb2
-batchMode
-noUpm
-name
AssetImportWorker0
-projectPath
C:/Repos/Unity2D/Hacks/Onde estao os outros
-logFile
Logs/AssetImportWorker0.log
-srvPort
53501
Successfully changed project path to: C:/Repos/Unity2D/Hacks/Onde estao os outros
C:/Repos/Unity2D/Hacks/Onde estao os outros
Using Asset Import Pipeline V2.
Refreshing native plugins compatible for Editor in 203.34 ms, found 0 plugins.
Preloading 0 native plugins for Editor in 0.00 ms.
Initialize engine version: 2020.3.2f1 (8fd9074bf66c)
[Subsystems] Discovering subsystems at path C:/Program Files/Unity/Hub/Editor/2020.3.2f1/Editor/Data/Resources/UnitySubsystems
[Subsystems] Discovering subsystems at path C:/Repos/Unity2D/Hacks/Onde estao os outros/Assets
GfxDevice: creating device client; threaded=0
Direct3D:
    Version:  Direct3D 11.0 [level 11.1]
    Renderer: Intel(R) UHD Graphics 620 (ID=0x3ea0)
    Vendor:   
    VRAM:     8087 MB
    Driver:   26.20.100.7811
Initialize mono
Mono path[0] = 'C:/Program Files/Unity/Hub/Editor/2020.3.2f1/Editor/Data/Managed'
Mono path[1] = 'C:/Program Files/Unity/Hub/Editor/2020.3.2f1/Editor/Data/MonoBleedingEdge/lib/mono/unityjit'
Mono config path = 'C:/Program Files/Unity/Hub/Editor/2020.3.2f1/Editor/Data/MonoBleedingEdge/etc'
Using monoOptions --debugger-agent=transport=dt_socket,embedding=1,server=y,suspend=n,address=127.0.0.1:56280
Begin MonoManager ReloadAssembly
Registering precompiled unity dll's ...
Register platform support module: C:/Program Files/Unity/Hub/Editor/2020.3.2f1/Editor/Data/PlaybackEngines/WindowsStandaloneSupport/UnityEditor.WindowsStandalone.Extensions.dll
Registered in 0.005217 seconds.
Native extension for WindowsStandalone target not found
Refreshing native plugins compatible for Editor in 64.05 ms, found 0 plugins.
Preloading 0 native plugins for Editor in 0.00 ms.
Invoked RoslynAnalysisRunner static constructor.
RoslynAnalysisRunner will not be running.
RoslynAnalysisRunner has terminated.
Mono: successfully reloaded assembly
- Completed reload, in  3.709 seconds
Platform modules already initialized, skipping
Registering precompiled user dll's ...
Registered in 0.001787 seconds.
Begin MonoManager ReloadAssembly
Native extension for WindowsStandalone target not found
Refreshing native plugins compatible for Editor in 0.60 ms, found 0 plugins.
Preloading 0 native plugins for Editor in 0.00 ms.
Invoked RoslynAnalysisRunner static constructor.
RoslynAnalysisRunner will not be running.
RoslynAnalysisRunner has terminated.
Mono: successfully reloaded assembly
- Completed reload, in  2.379 seconds
Platform modules already initialized, skipping
========================================================================
Worker process is ready to serve import requests
Launched and connected shader compiler UnityShaderCompiler.exe after 0.12 seconds
Refreshing native plugins compatible for Editor in 0.65 ms, found 0 plugins.
Preloading 0 native plugins for Editor in 0.00 ms.
Unloading 1118 Unused Serialized files (Serialized files now loaded: 0)
System memory in use before: 57.3 MB.
System memory in use after: 57.4 MB.

Unloading 9 unused Assets to reduce memory usage. Loaded Objects now: 1562.
Total: 3.054400 ms (FindLiveObjects: 0.244600 ms CreateObjectMapping: 0.071800 ms MarkObjects: 2.630500 ms  DeleteObjects: 0.105400 ms)

========================================================================
Received Import Request.
  path: Assets/Preview.png
  artifactKey: Guid(4de2f6a5fda8793479077dbfdf117cef) Importer(815301076,1909f56bfc062723c751e8b465ee728b)
Start importing Assets/Preview.png using Guid(4de2f6a5fda8793479077dbfdf117cef) Importer(815301076,1909f56bfc062723c751e8b465ee728b)  -> (artifact id: 'a61edf9d78d7a8fd150b1c536f81bf75') in 0.210270 seconds
  Import took 0.215005 seconds .

========================================================================
Received Import Request.
  Time since last request: 0.000585 seconds.
  path: Assets/crossCenter.png
  artifactKey: Guid(4fd0c2bfdc5c2314aba0399c4886e6dc) Importer(815301076,1909f56bfc062723c751e8b465ee728b)
Start importing Assets/crossCenter.png using Guid(4fd0c2bfdc5c2314aba0399c4886e6dc) Importer(815301076,1909f56bfc062723c751e8b465ee728b)  -> (artifact id: '912b590e0100da8095630407f8eb8885') in 0.036241 seconds
  Import took 0.053951 seconds .

========================================================================
Received Prepare
Registering precompiled user dll's ...
Registered in 0.001400 seconds.
Begin MonoManager ReloadAssembly
Native extension for WindowsStandalone target not found
Refreshing native plugins compatible for Editor in 0.75 ms, found 0 plugins.
Preloading 0 native plugins for Editor in 0.00 ms.
Invoked RoslynAnalysisRunner static constructor.
RoslynAnalysisRunner will not be running.
RoslynAnalysisRunner has terminated.
Mono: successfully reloaded assembly
- Completed reload, in  3.164 seconds
Platform modules already initialized, skipping
Refreshing native plugins compatible for Editor in 0.43 ms, found 0 plugins.
Preloading 0 native plugins for Editor in 0.00 ms.
Unloading 1112 Unused Serialized files (Serialized files now loaded: 0)
System memory in use before: 57.2 MB.
System memory in use after: 57.3 MB.

Unloading 4 unused Assets to reduce memory usage. Loaded Objects now: 1567.
Total: 3.855500 ms (FindLiveObjects: 0.263400 ms CreateObjectMapping: 0.078200 ms MarkObjects: 3.472900 ms  DeleteObjects: 0.037900 ms)

========================================================================
Received Prepare
Registering precompiled user dll's ...
Registered in 0.003134 seconds.
Begin MonoManager ReloadAssembly
Native extension for WindowsStandalone target not found
Refreshing native plugins compatible for Editor in 0.38 ms, found 0 plugins.
Preloading 0 native plugins for Editor in 0.00 ms.
Invoked RoslynAnalysisRunner static constructor.
RoslynAnalysisRunner will not be running.
RoslynAnalysisRunner has terminated.
Mono: successfully reloaded assembly
- Completed reload, in  2.135 seconds
Platform modules already initialized, skipping
Refreshing native plugins compatible for Editor in 0.38 ms, found 0 plugins.
Preloading 0 native plugins for Editor in 0.00 ms.
Unloading 1112 Unused Serialized files (Serialized files now loaded: 0)
System memory in use before: 57.2 MB.
System memory in use after: 57.3 MB.

Unloading 4 unused Assets to reduce memory usage. Loaded Objects now: 1570.
Total: 4.200800 ms (FindLiveObjects: 0.490800 ms CreateObjectMapping: 0.286700 ms MarkObjects: 3.379100 ms  DeleteObjects: 0.041200 ms)

========================================================================
Received Prepare
Registering precompiled user dll's ...
Registered in 0.001476 seconds.
Begin MonoManager ReloadAssembly
Native extension for WindowsStandalone target not found
Refreshing native plugins compatible for Editor in 0.39 ms, found 0 plugins.
Preloading 0 native plugins for Editor in 0.00 ms.
Invoked RoslynAnalysisRunner static constructor.
RoslynAnalysisRunner will not be running.
RoslynAnalysisRunner has terminated.
Mono: successfully reloaded assembly
- Completed reload, in  1.940 seconds
Platform modules already initialized, skipping
Refreshing native plugins compatible for Editor in 0.37 ms, found 0 plugins.
Preloading 0 native plugins for Editor in 0.00 ms.
Unloading 1112 Unused Serialized files (Serialized files now loaded: 0)
System memory in use before: 57.2 MB.
System memory in use after: 57.3 MB.

Unloading 4 unused Assets to reduce memory usage. Loaded Objects now: 1573.
Total: 4.427200 ms (FindLiveObjects: 0.408100 ms CreateObjectMapping: 0.109500 ms MarkObjects: 3.856200 ms  DeleteObjects: 0.050300 ms)

========================================================================
Received Import Request.
  Time since last request: 265.122288 seconds.
  path: Assets/Animations/idle.fbx
  artifactKey: Guid(46b4b87d1a09f9b41a4a095aa6fe3285) Importer(815301076,1909f56bfc062723c751e8b465ee728b)
Start importing Assets/Animations/idle.fbx using Guid(46b4b87d1a09f9b41a4a095aa6fe3285) Importer(815301076,1909f56bfc062723c751e8b465ee728b)  -> (artifact id: 'a808ca7694a844b99f462a163f99205c') in 0.067310 seconds
  Import took 0.071066 seconds .

========================================================================
Received Import Request.
  Time since last request: 0.000600 seconds.
  path: Assets/Animations/jump.fbx
  artifactKey: Guid(87906b666c119dd4aa2e1e9fbdc1ce72) Importer(815301076,1909f56bfc062723c751e8b465ee728b)
Start importing Assets/Animations/jump.fbx using Guid(87906b666c119dd4aa2e1e9fbdc1ce72) Importer(815301076,1909f56bfc062723c751e8b465ee728b)  -> (artifact id: 'e0d9230cd47624743fdab7e06a4d4bf7') in 0.013816 seconds
  Import took 0.017537 seconds .

========================================================================
Received Import Request.
  Time since last request: 0.000645 seconds.
  path: Assets/Animations/run.fbx
  artifactKey: Guid(45876f606e3649341bf296e6cbd69a73) Importer(815301076,1909f56bfc062723c751e8b465ee728b)
Start importing Assets/Animations/run.fbx using Guid(45876f606e3649341bf296e6cbd69a73) Importer(815301076,1909f56bfc062723c751e8b465ee728b)  -> (artifact id: '9a876453c4850256bb62f04257b58108') in 0.019396 seconds
  Import took 0.023682 seconds .

========================================================================
Received Prepare
Registering precompiled user dll's ...
Registered in 0.010223 seconds.
Begin MonoManager ReloadAssembly
Native extension for WindowsStandalone target not found
Refreshing native plugins compatible for Editor in 0.68 ms, found 0 plugins.
Preloading 0 native plugins for Editor in 0.00 ms.
Invoked RoslynAnalysisRunner static constructor.
RoslynAnalysisRunner will not be running.
RoslynAnalysisRunner has terminated.
Mono: successfully reloaded assembly
- Completed reload, in  2.915 seconds
Platform modules already initialized, skipping
Refreshing native plugins compatible for Editor in 0.40 ms, found 0 plugins.
Preloading 0 native plugins for Editor in 0.00 ms.
Unloading 1112 Unused Serialized files (Serialized files now loaded: 0)
System memory in use before: 57.2 MB.
System memory in use after: 57.3 MB.

Unloading 4 unused Assets to reduce memory usage. Loaded Objects now: 1576.
Total: 4.601200 ms (FindLiveObjects: 0.385000 ms CreateObjectMapping: 0.121900 ms MarkObjects: 4.051400 ms  DeleteObjects: 0.040200 ms)

========================================================================
Received Prepare
Registering precompiled user dll's ...
Registered in 0.005154 seconds.
Begin MonoManager ReloadAssembly
Native extension for WindowsStandalone target not found
Refreshing native plugins compatible for Editor in 0.46 ms, found 0 plugins.
Preloading 0 native plugins for Editor in 0.00 ms.
Invoked RoslynAnalysisRunner static constructor.
RoslynAnalysisRunner will not be running.
RoslynAnalysisRunner has terminated.
Mono: successfully reloaded assembly
- Completed reload, in  2.273 seconds
Platform modules already initialized, skipping
Refreshing native plugins compatible for Editor in 0.38 ms, found 0 plugins.
Preloading 0 native plugins for Editor in 0.00 ms.
Unloading 1112 Unused Serialized files (Serialized files now loaded: 0)
System memory in use before: 57.2 MB.
System memory in use after: 57.3 MB.

Unloading 4 unused Assets to reduce memory usage. Loaded Objects now: 1579.
Total: 4.443300 ms (FindLiveObjects: 0.264800 ms CreateObjectMapping: 0.082600 ms MarkObjects: 4.057300 ms  DeleteObjects: 0.036000 ms)

========================================================================
Received Prepare
Registering precompiled user dll's ...
Registered in 0.002009 seconds.
Begin MonoManager ReloadAssembly
Native extension for WindowsStandalone target not found
Refreshing native plugins compatible for Editor in 0.44 ms, found 0 plugins.
Preloading 0 native plugins for Editor in 0.00 ms.
Invoked RoslynAnalysisRunner static constructor.
RoslynAnalysisRunner will not be running.
RoslynAnalysisRunner has terminated.
Mono: successfully reloaded assembly
- Completed reload, in  2.557 seconds
Platform modules already initialized, skipping
Refreshing native plugins compatible for Editor in 0.41 ms, found 0 plugins.
Preloading 0 native plugins for Editor in 0.00 ms.
Unloading 1112 Unused Serialized files (Serialized files now loaded: 0)
System memory in use before: 57.2 MB.
System memory in use after: 57.3 MB.

Unloading 4 unused Assets to reduce memory usage. Loaded Objects now: 1582.
Total: 6.040900 ms (FindLiveObjects: 0.383000 ms CreateObjectMapping: 0.495900 ms MarkObjects: 5.123000 ms  DeleteObjects: 0.035700 ms)

========================================================================
Received Prepare
Registering precompiled user dll's ...
Registered in 0.003290 seconds.
Begin MonoManager ReloadAssembly
Native extension for WindowsStandalone target not found
Refreshing native plugins compatible for Editor in 0.48 ms, found 0 plugins.
Preloading 0 native plugins for Editor in 0.00 ms.
Invoked RoslynAnalysisRunner static constructor.
RoslynAnalysisRunner will not be running.
RoslynAnalysisRunner has terminated.
Mono: successfully reloaded assembly
- Completed reload, in  3.231 seconds
Platform modules already initialized, skipping
Refreshing native plugins compatible for Editor in 1.09 ms, found 0 plugins.
Preloading 0 native plugins for Editor in 0.00 ms.
Unloading 1112 Unused Serialized files (Serialized files now loaded: 0)
System memory in use before: 57.3 MB.
System memory in use after: 57.4 MB.

Unloading 4 unused Assets to reduce memory usage. Loaded Objects now: 1585.
Total: 7.603500 ms (FindLiveObjects: 0.514800 ms CreateObjectMapping: 0.230000 ms MarkObjects: 6.697500 ms  DeleteObjects: 0.156300 ms)

========================================================================
Received Import Request.
  Time since last request: 298.481410 seconds.
  path: Assets/Animations/run.fbx
  artifactKey: Guid(45876f606e3649341bf296e6cbd69a73) Importer(815301076,1909f56bfc062723c751e8b465ee728b)
Start importing Assets/Animations/run.fbx using Guid(45876f606e3649341bf296e6cbd69a73) Importer(815301076,1909f56bfc062723c751e8b465ee728b)  -> (artifact id: 'ab474f97aba62190b2f5a5f8dae147ab') in 0.206698 seconds
  Import took 0.226376 seconds .

========================================================================
Received Prepare
Registering precompiled user dll's ...
Registered in 0.003272 seconds.
Begin MonoManager ReloadAssembly
Native extension for WindowsStandalone target not found
Refreshing native plugins compatible for Editor in 0.31 ms, found 0 plugins.
Preloading 0 native plugins for Editor in 0.00 ms.
Invoked RoslynAnalysisRunner static constructor.
RoslynAnalysisRunner will not be running.
RoslynAnalysisRunner has terminated.
Mono: successfully reloaded assembly
- Completed reload, in  1.276 seconds
Platform modules already initialized, skipping
Refreshing native plugins compatible for Editor in 0.32 ms, found 0 plugins.
Preloading 0 native plugins for Editor in 0.00 ms.
Unloading 1112 Unused Serialized files (Serialized files now loaded: 0)
System memory in use before: 57.3 MB.
System memory in use after: 57.4 MB.

Unloading 4 unused Assets to reduce memory usage. Loaded Objects now: 1588.
Total: 6.086200 ms (FindLiveObjects: 0.757300 ms CreateObjectMapping: 0.451800 ms MarkObjects: 4.674700 ms  DeleteObjects: 0.197400 ms)

========================================================================
Received Prepare
Registering precompiled user dll's ...
Registered in 0.001259 seconds.
Begin MonoManager ReloadAssembly
Native extension for WindowsStandalone target not found
Refreshing native plugins compatible for Editor in 0.35 ms, found 0 plugins.
Preloading 0 native plugins for Editor in 0.00 ms.
Invoked RoslynAnalysisRunner static constructor.
RoslynAnalysisRunner will not be running.
RoslynAnalysisRunner has terminated.
Mono: successfully reloaded assembly
- Completed reload, in  1.478 seconds
Platform modules already initialized, skipping
Refreshing native plugins compatible for Editor in 0.67 ms, found 0 plugins.
Preloading 0 native plugins for Editor in 0.00 ms.
Unloading 1112 Unused Serialized files (Serialized files now loaded: 0)
System memory in use before: 57.3 MB.
System memory in use after: 57.4 MB.

Unloading 4 unused Assets to reduce memory usage. Loaded Objects now: 1591.
Total: 2.850500 ms (FindLiveObjects: 0.230500 ms CreateObjectMapping: 0.064200 ms MarkObjects: 2.528000 ms  DeleteObjects: 0.025600 ms)

========================================================================
Received Prepare
Registering precompiled user dll's ...
Registered in 0.001076 seconds.
Begin MonoManager ReloadAssembly
Native extension for WindowsStandalone target not found
Refreshing native plugins compatible for Editor in 0.30 ms, found 0 plugins.
Preloading 0 native plugins for Editor in 0.00 ms.
Invoked RoslynAnalysisRunner static constructor.
RoslynAnalysisRunner will not be running.
RoslynAnalysisRunner has terminated.
Mono: successfully reloaded assembly
- Completed reload, in  1.197 seconds
Platform modules already initialized, skipping
Refreshing native plugins compatible for Editor in 0.58 ms, found 0 plugins.
Preloading 0 native plugins for Editor in 0.00 ms.
Unloading 1112 Unused Serialized files (Serialized files now loaded: 0)
System memory in use before: 57.3 MB.
System memory in use after: 57.4 MB.

Unloading 4 unused Assets to reduce memory usage. Loaded Objects now: 1594.
Total: 2.784500 ms (FindLiveObjects: 0.194500 ms CreateObjectMapping: 0.065600 ms MarkObjects: 2.504200 ms  DeleteObjects: 0.018400 ms)

========================================================================
Received Prepare
Registering precompiled user dll's ...
Registered in 0.001280 seconds.
Begin MonoManager ReloadAssembly
Native extension for WindowsStandalone target not found
Refreshing native plugins compatible for Editor in 0.32 ms, found 0 plugins.
Preloading 0 native plugins for Editor in 0.00 ms.
Invoked RoslynAnalysisRunner static constructor.
RoslynAnalysisRunner will not be running.
RoslynAnalysisRunner has terminated.
Mono: successfully reloaded assembly
- Completed reload, in  1.360 seconds
Platform modules already initialized, skipping
Refreshing native plugins compatible for Editor in 0.56 ms, found 0 plugins.
Preloading 0 native plugins for Editor in 0.00 ms.
Unloading 1112 Unused Serialized files (Serialized files now loaded: 0)
System memory in use before: 57.3 MB.
System memory in use after: 57.4 MB.

Unloading 4 unused Assets to reduce memory usage. Loaded Objects now: 1597.
Total: 2.690300 ms (FindLiveObjects: 0.179500 ms CreateObjectMapping: 0.051100 ms MarkObjects: 2.439300 ms  DeleteObjects: 0.018800 ms)

========================================================================
Received Import Request.
  Time since last request: 1614.430794 seconds.
  path: Assets/Mapa/MapaS4.unity
  artifactKey: Guid(9d6a871761fad8f4cada68c2dcb17e8d) Importer(815301076,1909f56bfc062723c751e8b465ee728b)
Start importing Assets/Mapa/MapaS4.unity using Guid(9d6a871761fad8f4cada68c2dcb17e8d) Importer(815301076,1909f56bfc062723c751e8b465ee728b)  -> (artifact id: 'c28a8e6ac11f111b5108b752326ce810') in 0.030683 seconds
  Import took 0.035054 seconds .

========================================================================
Received Import Request.
  Time since last request: 331.793319 seconds.
  path: Assets/Mapa/MapaS4.unity
  artifactKey: Guid(9d6a871761fad8f4cada68c2dcb17e8d) Importer(815301076,1909f56bfc062723c751e8b465ee728b)
Start importing Assets/Mapa/MapaS4.unity using Guid(9d6a871761fad8f4cada68c2dcb17e8d) Importer(815301076,1909f56bfc062723c751e8b465ee728b)  -> (artifact id: '6cdd1f21f36361153aba359d2752af60') in 0.009015 seconds
  Import took 0.013935 seconds .

========================================================================
Received Import Request.
  Time since last request: 0.003701 seconds.
  path: Assets/Mapa/MapaS4.unity
  artifactKey: Guid(9d6a871761fad8f4cada68c2dcb17e8d) Importer(815301076,1909f56bfc062723c751e8b465ee728b)
Start importing Assets/Mapa/MapaS4.unity using Guid(9d6a871761fad8f4cada68c2dcb17e8d) Importer(815301076,1909f56bfc062723c751e8b465ee728b)  -> (artifact id: '6cdd1f21f36361153aba359d2752af60') in 0.005426 seconds
  Import took 0.008644 seconds .

========================================================================
Received Prepare
Registering precompiled user dll's ...
Registered in 0.004894 seconds.
Begin MonoManager ReloadAssembly
Native extension for WindowsStandalone target not found
Refreshing native plugins compatible for Editor in 0.42 ms, found 0 plugins.
Preloading 0 native plugins for Editor in 0.00 ms.
Invoked RoslynAnalysisRunner static constructor.
RoslynAnalysisRunner will not be running.
RoslynAnalysisRunner has terminated.
Mono: successfully reloaded assembly
- Completed reload, in  1.549 seconds
Platform modules already initialized, skipping
Refreshing native plugins compatible for Editor in 0.39 ms, found 0 plugins.
Preloading 0 native plugins for Editor in 0.00 ms.
Unloading 1112 Unused Serialized files (Serialized files now loaded: 0)
System memory in use before: 57.3 MB.
System memory in use after: 57.4 MB.

Unloading 4 unused Assets to reduce memory usage. Loaded Objects now: 1600.
Total: 2.871900 ms (FindLiveObjects: 0.256700 ms CreateObjectMapping: 0.082600 ms MarkObjects: 2.507800 ms  DeleteObjects: 0.022000 ms)

========================================================================
Received Prepare
Registering precompiled user dll's ...
Registered in 0.002822 seconds.
Begin MonoManager ReloadAssembly
Native extension for WindowsStandalone target not found
Refreshing native plugins compatible for Editor in 0.71 ms, found 0 plugins.
Preloading 0 native plugins for Editor in 0.00 ms.
Invoked RoslynAnalysisRunner static constructor.
RoslynAnalysisRunner will not be running.
RoslynAnalysisRunner has terminated.
Mono: successfully reloaded assembly
- Completed reload, in  4.749 seconds
Platform modules already initialized, skipping
Refreshing native plugins compatible for Editor in 1.07 ms, found 0 plugins.
Preloading 0 native plugins for Editor in 0.00 ms.
Unloading 1112 Unused Serialized files (Serialized files now loaded: 0)
System memory in use before: 57.3 MB.
System memory in use after: 57.4 MB.

Unloading 4 unused Assets to reduce memory usage. Loaded Objects now: 1603.
Total: 7.358300 ms (FindLiveObjects: 0.470800 ms CreateObjectMapping: 0.167900 ms MarkObjects: 6.643700 ms  DeleteObjects: 0.070800 ms)

========================================================================
Received Prepare
Registering precompiled user dll's ...
Registered in 0.001836 seconds.
Begin MonoManager ReloadAssembly
Native extension for WindowsStandalone target not found
Refreshing native plugins compatible for Editor in 0.41 ms, found 0 plugins.
Preloading 0 native plugins for Editor in 0.00 ms.
Invoked RoslynAnalysisRunner static constructor.
RoslynAnalysisRunner will not be running.
RoslynAnalysisRunner has terminated.
Mono: successfully reloaded assembly
- Completed reload, in  1.648 seconds
Platform modules already initialized, skipping
Refreshing native plugins compatible for Editor in 0.41 ms, found 0 plugins.
Preloading 0 native plugins for Editor in 0.00 ms.
Unloading 1112 Unused Serialized files (Serialized files now loaded: 0)
System memory in use before: 57.3 MB.
System memory in use after: 57.4 MB.

Unloading 4 unused Assets to reduce memory usage. Loaded Objects now: 1606.
Total: 3.166600 ms (FindLiveObjects: 0.280400 ms CreateObjectMapping: 0.063300 ms MarkObjects: 2.794100 ms  DeleteObjects: 0.026600 ms)

========================================================================
Received Import Request.
  Time since last request: 967.799865 seconds.
  path: Assets/Fonts/LoveYaLikeASister-Regular.ttf
  artifactKey: Guid(85d5b546f73993946acfc16b723a72aa) Importer(815301076,1909f56bfc062723c751e8b465ee728b)
Start importing Assets/Fonts/LoveYaLikeASister-Regular.ttf using Guid(85d5b546f73993946acfc16b723a72aa) Importer(815301076,1909f56bfc062723c751e8b465ee728b)  -> (artifact id: '9235221d03536076a7f5c7c00618040a') in 0.020822 seconds
  Import took 0.023696 seconds .

========================================================================
Received Import Request.
  Time since last request: 0.039653 seconds.
  path: Assets/Fonts/LoveYaLikeASister-Regular.ttf
  artifactKey: Guid(85d5b546f73993946acfc16b723a72aa) Importer(815301076,1909f56bfc062723c751e8b465ee728b)
Start importing Assets/Fonts/LoveYaLikeASister-Regular.ttf using Guid(85d5b546f73993946acfc16b723a72aa) Importer(815301076,1909f56bfc062723c751e8b465ee728b)  -> (artifact id: '9235221d03536076a7f5c7c00618040a') in 0.006569 seconds
  Import took 0.010668 seconds .

========================================================================
Received Import Request.
  Time since last request: 242.465439 seconds.
  path: Assets/Mapa/Missao.png
  artifactKey: Guid(bcfdc184b3604dd49a4bc0d749f9f493) Importer(815301076,1909f56bfc062723c751e8b465ee728b)
Start importing Assets/Mapa/Missao.png using Guid(bcfdc184b3604dd49a4bc0d749f9f493) Importer(815301076,1909f56bfc062723c751e8b465ee728b)  -> (artifact id: 'e3d102f0197042e89595ef0e4bf51780') in 0.076472 seconds
  Import took 0.080967 seconds .

========================================================================
Received Import Request.
  Time since last request: 45.386626 seconds.
  path: Assets/Skins/criminalMaleA.png
  artifactKey: Guid(3eabfb0c7e67cad46bcb03358586867f) Importer(815301076,1909f56bfc062723c751e8b465ee728b)
Start importing Assets/Skins/criminalMaleA.png using Guid(3eabfb0c7e67cad46bcb03358586867f) Importer(815301076,1909f56bfc062723c751e8b465ee728b)  -> (artifact id: '00c4b82f74d81b39e46684a2cda4f42f') in 0.012014 seconds
  Import took 0.014570 seconds .

========================================================================
Received Import Request.
  Time since last request: 0.000429 seconds.
  path: Assets/Skins/cyborgFemaleA.png
  artifactKey: Guid(4eb74ac4d6433364abbe34615240da64) Importer(815301076,1909f56bfc062723c751e8b465ee728b)
Start importing Assets/Skins/cyborgFemaleA.png using Guid(4eb74ac4d6433364abbe34615240da64) Importer(815301076,1909f56bfc062723c751e8b465ee728b)  -> (artifact id: 'c1ac9eb964c6590ee34aaa3ef9187329') in 0.014129 seconds
  Import took 0.017282 seconds .

========================================================================
Received Import Request.
  Time since last request: 0.019319 seconds.
  path: Assets/Skins/criminalMaleA.png
  artifactKey: Guid(3eabfb0c7e67cad46bcb03358586867f) Importer(815301076,1909f56bfc062723c751e8b465ee728b)
Start importing Assets/Skins/criminalMaleA.png using Guid(3eabfb0c7e67cad46bcb03358586867f) Importer(815301076,1909f56bfc062723c751e8b465ee728b)  -> (artifact id: '00c4b82f74d81b39e46684a2cda4f42f') in 0.010955 seconds
  Import took 0.014635 seconds .

========================================================================
Received Import Request.
  Time since last request: 4.270400 seconds.
  path: Assets/Skins/skaterFemaleA.png
  artifactKey: Guid(8904b7b9365ac4f4cacb6f12b0e86870) Importer(815301076,1909f56bfc062723c751e8b465ee728b)
Start importing Assets/Skins/skaterFemaleA.png using Guid(8904b7b9365ac4f4cacb6f12b0e86870) Importer(815301076,1909f56bfc062723c751e8b465ee728b)  -> (artifact id: 'a44282620398bcade2c282d397fd0baf') in 0.009011 seconds
  Import took 0.011202 seconds .

========================================================================
Received Import Request.
  Time since last request: 0.047358 seconds.
  path: Assets/Skins/skaterMaleA.png
  artifactKey: Guid(2a51cd05e2ee44c4c9bbaed44b391338) Importer(815301076,1909f56bfc062723c751e8b465ee728b)
Start importing Assets/Skins/skaterMaleA.png using Guid(2a51cd05e2ee44c4c9bbaed44b391338) Importer(815301076,1909f56bfc062723c751e8b465ee728b)  -> (artifact id: 'f9e19f67e70ef8afc7d73482cb1efbd6') in 0.012336 seconds
  Import took 0.014515 seconds .

========================================================================
Received Import Request.
  Time since last request: 0.000400 seconds.
  path: Assets/Skins/skaterMaleATutao.png
  artifactKey: Guid(d36cd07103803db4ebaa2df3893adb35) Importer(815301076,1909f56bfc062723c751e8b465ee728b)
Start importing Assets/Skins/skaterMaleATutao.png using Guid(d36cd07103803db4ebaa2df3893adb35) Importer(815301076,1909f56bfc062723c751e8b465ee728b)  -> (artifact id: 'cdf971aae40333ede1900fbdbaee54c8') in 0.012912 seconds
  Import took 0.015031 seconds .

========================================================================
Received Import Request.
  Time since last request: 0.319259 seconds.
  path: Assets/Skins/skaterMaleB.png
  artifactKey: Guid(fe01ab62a7b0ffe41951460637409e61) Importer(815301076,1909f56bfc062723c751e8b465ee728b)
Start importing Assets/Skins/skaterMaleB.png using Guid(fe01ab62a7b0ffe41951460637409e61) Importer(815301076,1909f56bfc062723c751e8b465ee728b)  -> (artifact id: '565f8880ca694f40e09b44fe37d8bbc7') in 0.013953 seconds
  Import took 0.016703 seconds .

========================================================================
Received Import Request.
  Time since last request: 81.094595 seconds.
  path: Assets/Skins/skinWally.jpeg
  artifactKey: Guid(66a5e4e6cfa1af54d8444d0d33347148) Importer(815301076,1909f56bfc062723c751e8b465ee728b)
Start importing Assets/Skins/skinWally.jpeg using Guid(66a5e4e6cfa1af54d8444d0d33347148) Importer(815301076,1909f56bfc062723c751e8b465ee728b)  -> (artifact id: 'e9e634f26b90e5a3261de069a36b122f') in 0.014486 seconds
  Import took 0.017762 seconds .

========================================================================
Received Prepare
Registering precompiled user dll's ...
Registered in 0.001364 seconds.
Begin MonoManager ReloadAssembly
Native extension for WindowsStandalone target not found
Refreshing native plugins compatible for Editor in 2.01 ms, found 0 plugins.
Preloading 0 native plugins for Editor in 0.00 ms.
Invoked RoslynAnalysisRunner static constructor.
RoslynAnalysisRunner will not be running.
RoslynAnalysisRunner has terminated.
Mono: successfully reloaded assembly
- Completed reload, in  2.339 seconds
Platform modules already initialized, skipping
Refreshing native plugins compatible for Editor in 0.41 ms, found 0 plugins.
Preloading 0 native plugins for Editor in 0.00 ms.
Unloading 1112 Unused Serialized files (Serialized files now loaded: 0)
System memory in use before: 57.3 MB.
System memory in use after: 57.4 MB.

Unloading 4 unused Assets to reduce memory usage. Loaded Objects now: 1611.
Total: 3.148200 ms (FindLiveObjects: 0.234600 ms CreateObjectMapping: 0.062000 ms MarkObjects: 2.817200 ms  DeleteObjects: 0.031000 ms)

========================================================================
Received Import Request.
  Time since last request: 176.829647 seconds.
  path: Assets/papirao.jpg
  artifactKey: Guid(216fa088742027448b9583746daca65b) Importer(815301076,1909f56bfc062723c751e8b465ee728b)
Start importing Assets/papirao.jpg using Guid(216fa088742027448b9583746daca65b) Importer(815301076,1909f56bfc062723c751e8b465ee728b)  -> (artifact id: 'c203d6d935c08708fb54fe2db7ede877') in 0.070717 seconds
  Import took 0.074036 seconds .

========================================================================
Received Import Request.
  Time since last request: 64.002165 seconds.
  path: Assets/papirao2.png
  artifactKey: Guid(e1fc30deba8c9e04da7ab458f42ae096) Importer(815301076,1909f56bfc062723c751e8b465ee728b)
Start importing Assets/papirao2.png using Guid(e1fc30deba8c9e04da7ab458f42ae096) Importer(815301076,1909f56bfc062723c751e8b465ee728b)  -> (artifact id: '485e44ef8ef2d1fadd7c3220f5899461') in 0.022994 seconds
  Import took 0.030037 seconds .

========================================================================
Received Prepare
Registering precompiled user dll's ...
Registered in 0.001926 seconds.
Begin MonoManager ReloadAssembly
Native extension for WindowsStandalone target not found
Refreshing native plugins compatible for Editor in 0.38 ms, found 0 plugins.
Preloading 0 native plugins for Editor in 0.00 ms.
Invoked RoslynAnalysisRunner static constructor.
RoslynAnalysisRunner will not be running.
RoslynAnalysisRunner has terminated.
Mono: successfully reloaded assembly
- Completed reload, in  1.189 seconds
Platform modules already initialized, skipping
Refreshing native plugins compatible for Editor in 0.34 ms, found 0 plugins.
Preloading 0 native plugins for Editor in 0.00 ms.
Unloading 1112 Unused Serialized files (Serialized files now loaded: 0)
System memory in use before: 57.3 MB.
System memory in use after: 57.4 MB.

Unloading 4 unused Assets to reduce memory usage. Loaded Objects now: 1614.
Total: 2.401600 ms (FindLiveObjects: 0.238600 ms CreateObjectMapping: 0.056200 ms MarkObjects: 2.085400 ms  DeleteObjects: 0.019700 ms)

========================================================================
Received Import Request.
  Time since last request: 670.278009 seconds.
  path: Assets/SelectionManager.cs
  artifactKey: Guid(ada8e4076577d13418f9e4c516dbcadc) Importer(815301076,1909f56bfc062723c751e8b465ee728b)
Start importing Assets/SelectionManager.cs using Guid(ada8e4076577d13418f9e4c516dbcadc) Importer(815301076,1909f56bfc062723c751e8b465ee728b)  -> (artifact id: '2c824a9be5f0c0ba2532aafb23667a82') in 0.012276 seconds
  Import took 0.015039 seconds .

========================================================================
Received Import Request.
  Time since last request: 0.028244 seconds.
  path: Assets/SelectionManager.cs
  artifactKey: Guid(ada8e4076577d13418f9e4c516dbcadc) Importer(815301076,1909f56bfc062723c751e8b465ee728b)
Start importing Assets/SelectionManager.cs using Guid(ada8e4076577d13418f9e4c516dbcadc) Importer(815301076,1909f56bfc062723c751e8b465ee728b)  -> (artifact id: '2c824a9be5f0c0ba2532aafb23667a82') in 0.003931 seconds
  Import took 0.006753 seconds .

========================================================================
Received Prepare
Registering precompiled user dll's ...
Registered in 0.001440 seconds.
Begin MonoManager ReloadAssembly
Native extension for WindowsStandalone target not found
Refreshing native plugins compatible for Editor in 0.41 ms, found 0 plugins.
Preloading 0 native plugins for Editor in 0.00 ms.
Invoked RoslynAnalysisRunner static constructor.
RoslynAnalysisRunner will not be running.
RoslynAnalysisRunner has terminated.
Mono: successfully reloaded assembly
- Completed reload, in  1.783 seconds
Platform modules already initialized, skipping
Refreshing native plugins compatible for Editor in 0.35 ms, found 0 plugins.
Preloading 0 native plugins for Editor in 0.00 ms.
Unloading 1113 Unused Serialized files (Serialized files now loaded: 0)
System memory in use before: 57.4 MB.
System memory in use after: 57.5 MB.

Unloading 4 unused Assets to reduce memory usage. Loaded Objects now: 1618.
Total: 3.116200 ms (FindLiveObjects: 0.299100 ms CreateObjectMapping: 0.095100 ms MarkObjects: 2.700100 ms  DeleteObjects: 0.020100 ms)

========================================================================
Received Prepare
Registering precompiled user dll's ...
Registered in 0.001636 seconds.
Begin MonoManager ReloadAssembly
Native extension for WindowsStandalone target not found
Refreshing native plugins compatible for Editor in 0.45 ms, found 0 plugins.
Preloading 0 native plugins for Editor in 0.00 ms.
Invoked RoslynAnalysisRunner static constructor.
RoslynAnalysisRunner will not be running.
RoslynAnalysisRunner has terminated.
Mono: successfully reloaded assembly
- Completed reload, in  1.617 seconds
Platform modules already initialized, skipping
Refreshing native plugins compatible for Editor in 0.40 ms, found 0 plugins.
Preloading 0 native plugins for Editor in 0.00 ms.
Unloading 1113 Unused Serialized files (Serialized files now loaded: 0)
System memory in use before: 57.4 MB.
System memory in use after: 57.5 MB.

Unloading 4 unused Assets to reduce memory usage. Loaded Objects now: 1621.
Total: 2.838100 ms (FindLiveObjects: 0.219100 ms CreateObjectMapping: 0.057500 ms MarkObjects: 2.533800 ms  DeleteObjects: 0.025500 ms)

========================================================================
Received Prepare
Registering precompiled user dll's ...
Registered in 0.001246 seconds.
Begin MonoManager ReloadAssembly
Native extension for WindowsStandalone target not found
Refreshing native plugins compatible for Editor in 0.39 ms, found 0 plugins.
Preloading 0 native plugins for Editor in 0.00 ms.
Invoked RoslynAnalysisRunner static constructor.
RoslynAnalysisRunner will not be running.
RoslynAnalysisRunner has terminated.
Mono: successfully reloaded assembly
- Completed reload, in  1.238 seconds
Platform modules already initialized, skipping
Refreshing native plugins compatible for Editor in 0.45 ms, found 0 plugins.
Preloading 0 native plugins for Editor in 0.00 ms.
Unloading 1113 Unused Serialized files (Serialized files now loaded: 0)
System memory in use before: 57.4 MB.
System memory in use after: 57.5 MB.

Unloading 4 unused Assets to reduce memory usage. Loaded Objects now: 1624.
Total: 3.240800 ms (FindLiveObjects: 0.317200 ms CreateObjectMapping: 0.072300 ms MarkObjects: 2.822200 ms  DeleteObjects: 0.026800 ms)

========================================================================
Received Prepare
Registering precompiled user dll's ...
Registered in 0.001346 seconds.
Begin MonoManager ReloadAssembly
Native extension for WindowsStandalone target not found
Refreshing native plugins compatible for Editor in 0.35 ms, found 0 plugins.
Preloading 0 native plugins for Editor in 0.00 ms.
Invoked RoslynAnalysisRunner static constructor.
RoslynAnalysisRunner will not be running.
RoslynAnalysisRunner has terminated.
Mono: successfully reloaded assembly
- Completed reload, in  1.073 seconds
Platform modules already initialized, skipping
Refreshing native plugins compatible for Editor in 0.35 ms, found 0 plugins.
Preloading 0 native plugins for Editor in 0.00 ms.
Unloading 1113 Unused Serialized files (Serialized files now loaded: 0)
System memory in use before: 57.4 MB.
System memory in use after: 57.5 MB.

Unloading 4 unused Assets to reduce memory usage. Loaded Objects now: 1627.
Total: 2.547500 ms (FindLiveObjects: 0.227500 ms CreateObjectMapping: 0.049100 ms MarkObjects: 2.247900 ms  DeleteObjects: 0.021100 ms)

========================================================================
Received Import Request.
  Time since last request: 2771.462555 seconds.
  path: Assets/Animations
  artifactKey: Guid(966035dbfc26b7445b4a1889f0931aad) Importer(815301076,1909f56bfc062723c751e8b465ee728b)
Start importing Assets/Animations using Guid(966035dbfc26b7445b4a1889f0931aad) Importer(815301076,1909f56bfc062723c751e8b465ee728b)  -> (artifact id: '8c4005a87edcf85f243303989ba303e6') in 0.013203 seconds
  Import took 0.017100 seconds .

========================================================================
Received Import Request.
  Time since last request: 38.539310 seconds.
  path: Assets/Animations/PopupAnimatorController.controller
  artifactKey: Guid(09547f8207ab00a41808323b884dce91) Importer(815301076,1909f56bfc062723c751e8b465ee728b)
Start importing Assets/Animations/PopupAnimatorController.controller using Guid(09547f8207ab00a41808323b884dce91) Importer(815301076,1909f56bfc062723c751e8b465ee728b)  -> (artifact id: '7d420c945014718136502f81cd94867c') in 0.027314 seconds
  Import took 0.032652 seconds .

========================================================================
Received Import Request.
  Time since last request: 9.810594 seconds.
  path: Assets/Animations/NPCAnimatorController.controller
  artifactKey: Guid(b60ce282999bf9247a1c0cfaaf336ed7) Importer(815301076,1909f56bfc062723c751e8b465ee728b)
Start importing Assets/Animations/NPCAnimatorController.controller using Guid(b60ce282999bf9247a1c0cfaaf336ed7) Importer(815301076,1909f56bfc062723c751e8b465ee728b)  -> (artifact id: '396824d06523b6d2da47e4ba26ee5c7a') in 0.009310 seconds
  Import took 0.013534 seconds .

========================================================================
Received Import Request.
  Time since last request: 0.001404 seconds.
  path: Assets/Animations/NPCAnimatorController.controller
  artifactKey: Guid(b60ce282999bf9247a1c0cfaaf336ed7) Importer(815301076,1909f56bfc062723c751e8b465ee728b)
Start importing Assets/Animations/NPCAnimatorController.controller using Guid(b60ce282999bf9247a1c0cfaaf336ed7) Importer(815301076,1909f56bfc062723c751e8b465ee728b)  -> (artifact id: '396824d06523b6d2da47e4ba26ee5c7a') in 0.007450 seconds
  Import took 0.010891 seconds .

========================================================================
Received Import Request.
  Time since last request: 83.272063 seconds.
  path: Assets/Animations/PopupAnimatorController.controller
  artifactKey: Guid(09547f8207ab00a41808323b884dce91) Importer(815301076,1909f56bfc062723c751e8b465ee728b)
Start importing Assets/Animations/PopupAnimatorController.controller using Guid(09547f8207ab00a41808323b884dce91) Importer(815301076,1909f56bfc062723c751e8b465ee728b)  -> (artifact id: '0c6c10adf4df35d9e7138da6ee30b276') in 0.004023 seconds
  Import took 0.006226 seconds .

========================================================================
Received Import Request.
  Time since last request: 0.026666 seconds.
  path: Assets/Animations/PopupAnimatorController.controller
  artifactKey: Guid(09547f8207ab00a41808323b884dce91) Importer(815301076,1909f56bfc062723c751e8b465ee728b)
Start importing Assets/Animations/PopupAnimatorController.controller using Guid(09547f8207ab00a41808323b884dce91) Importer(815301076,1909f56bfc062723c751e8b465ee728b)  -> (artifact id: '0c6c10adf4df35d9e7138da6ee30b276') in 0.005367 seconds
  Import took 0.007806 seconds .

========================================================================
Received Import Request.
  Time since last request: 68.776627 seconds.
  path: Assets/SelectionManager.cs
  artifactKey: Guid(ada8e4076577d13418f9e4c516dbcadc) Importer(815301076,1909f56bfc062723c751e8b465ee728b)
Start importing Assets/SelectionManager.cs using Guid(ada8e4076577d13418f9e4c516dbcadc) Importer(815301076,1909f56bfc062723c751e8b465ee728b)  -> (artifact id: 'b953f0c0e73ad52b2e1e8d3a941d9844') in 0.003947 seconds
  Import took 0.006139 seconds .

========================================================================
Received Import Request.
  Time since last request: 0.013129 seconds.
  path: Assets/SelectionManager.cs
  artifactKey: Guid(ada8e4076577d13418f9e4c516dbcadc) Importer(815301076,1909f56bfc062723c751e8b465ee728b)
Start importing Assets/SelectionManager.cs using Guid(ada8e4076577d13418f9e4c516dbcadc) Importer(815301076,1909f56bfc062723c751e8b465ee728b)  -> (artifact id: 'b953f0c0e73ad52b2e1e8d3a941d9844') in 0.005191 seconds
  Import took 0.007923 seconds .

========================================================================
Received Import Request.
  Time since last request: 195.995961 seconds.
  path: Assets
  artifactKey: Guid(00000000000000001000000000000000) Importer(815301076,1909f56bfc062723c751e8b465ee728b)
Start importing Assets using Guid(00000000000000001000000000000000) Importer(815301076,1909f56bfc062723c751e8b465ee728b)  -> (artifact id: '819a33a9bd799f71faca6db75e8a216c') in 0.006312 seconds
  Import took 0.009734 seconds .

